# JRE version: OpenJDK Runtime Environment (11.0.12+7) (build 11.0.12+7-b1504.28-7817840)
# Java VM: OpenJDK 64-Bit Server VM (11.0.12+7-b1504.28-7817840, mixed mode, tiered, compressed oops, g1 gc, windows-amd64)
Heap:
 garbage-first heap   total 168960K, used 87804K [0x0000000080000000, 0x0000000100000000)
  region size 1024K, 5 young (5120K), 5 survivors (5120K)
 Metaspace       used 87586K, capacity 89671K, committed 89724K, reserved 1126400K
  class space    used 11366K, capacity 12196K, committed 12236K, reserved 1048576K
GC Heap History (20 events):
Event: 41.794 GC heap after
{Heap after GC invocations=81 (full 0):
 garbage-first heap   total 116736K, used 61921K [0x0000000080000000, 0x0000000100000000)
  region size 1024K, 4 young (4096K), 4 survivors (4096K)
 Metaspace       used 68047K, capacity 69509K, committed 69628K, reserved 1110016K
  class space    used 8636K, capacity 9215K, committed 9292K, reserved 1048576K
}
Event: 43.409 GC heap before
{Heap before GC invocations=82 (full 0):
 garbage-first heap   total 116736K, used 90593K [0x0000000080000000, 0x0000000100000000)
  region size 1024K, 32 young (32768K), 4 survivors (4096K)
 Metaspace       used 68682K, capacity 70224K, committed 70524K, reserved 1110016K
  class space    used 8697K, capacity 9284K, committed 9420K, reserved 1048576K
}
Event: 43.421 GC heap after
{Heap after GC invocations=83 (full 0):
 garbage-first heap   total 116736K, used 64086K [0x0000000080000000, 0x0000000100000000)
  region size 1024K, 3 young (3072K), 3 survivors (3072K)
 Metaspace       used 68682K, capacity 70224K, committed 70524K, reserved 1110016K
  class space    used 8697K, capacity 9284K, committed 9420K, reserved 1048576K
}
Event: 46.449 GC heap before
{Heap before GC invocations=83 (full 0):
 garbage-first heap   total 116736K, used 92758K [0x0000000080000000, 0x0000000100000000)
  region size 1024K, 31 young (31744K), 3 survivors (3072K)
 Metaspace       used 72372K, capacity 73938K, committed 74236K, reserved 1114112K
  class space    used 9357K, capacity 9968K, committed 10060K, reserved 1048576K
}
Event: 46.466 GC heap after
{Heap after GC invocations=84 (full 0):
 garbage-first heap   total 116736K, used 66143K [0x0000000080000000, 0x0000000100000000)
  region size 1024K, 2 young (2048K), 2 survivors (2048K)
 Metaspace       used 72372K, capacity 73938K, committed 74236K, reserved 1114112K
  class space    used 9357K, capacity 9968K, committed 10060K, reserved 1048576K
}
Event: 48.203 GC heap before
{Heap before GC invocations=85 (full 0):
 garbage-first heap   total 116736K, used 94815K [0x0000000080000000, 0x0000000100000000)
  region size 1024K, 30 young (30720K), 2 survivors (2048K)
 Metaspace       used 74977K, capacity 76598K, committed 76924K, reserved 1116160K
  class space    used 9712K, capacity 10353K, committed 10444K, reserved 1048576K
}
Event: 48.212 GC heap after
{Heap after GC invocations=86 (full 0):
 garbage-first heap   total 116736K, used 67812K [0x0000000080000000, 0x0000000100000000)
  region size 1024K, 4 young (4096K), 4 survivors (4096K)
 Metaspace       used 74977K, capacity 76598K, committed 76924K, reserved 1116160K
  class space    used 9712K, capacity 10353K, committed 10444K, reserved 1048576K
}
Event: 50.407 GC heap before
{Heap before GC invocations=86 (full 0):
 garbage-first heap   total 116736K, used 95460K [0x0000000080000000, 0x0000000100000000)
  region size 1024K, 31 young (31744K), 4 survivors (4096K)
 Metaspace       used 77389K, capacity 79043K, committed 79356K, reserved 1118208K
  class space    used 10062K, capacity 10710K, committed 10828K, reserved 1048576K
}
Event: 50.432 GC heap after
{Heap after GC invocations=87 (full 0):
 garbage-first heap   total 116736K, used 69487K [0x0000000080000000, 0x0000000100000000)
  region size 1024K, 4 young (4096K), 4 survivors (4096K)
 Metaspace       used 77389K, capacity 79043K, committed 79356K, reserved 1118208K
  class space    used 10062K, capacity 10710K, committed 10828K, reserved 1048576K
}
Event: 51.435 GC heap before
{Heap before GC invocations=88 (full 0):
 garbage-first heap   total 116736K, used 96111K [0x0000000080000000, 0x0000000100000000)
  region size 1024K, 30 young (30720K), 4 survivors (4096K)
 Metaspace       used 80853K, capacity 82534K, committed 82684K, reserved 1120256K
  class space    used 10540K, capacity 11218K, committed 11340K, reserved 1048576K
}
Event: 51.458 GC heap after
{Heap after GC invocations=89 (full 0):
 garbage-first heap   total 116736K, used 70992K [0x0000000080000000, 0x0000000100000000)
  region size 1024K, 3 young (3072K), 3 survivors (3072K)
 Metaspace       used 80853K, capacity 82534K, committed 82684K, reserved 1120256K
  class space    used 10540K, capacity 11218K, committed 11340K, reserved 1048576K
}
Event: 53.362 GC heap before
{Heap before GC invocations=89 (full 0):
 garbage-first heap   total 116736K, used 97616K [0x0000000080000000, 0x0000000100000000)
  region size 1024K, 29 young (29696K), 3 survivors (3072K)
 Metaspace       used 82651K, capacity 84474K, committed 84604K, reserved 1122304K
  class space    used 10747K, capacity 11407K, committed 11468K, reserved 1048576K
}
Event: 53.380 GC heap after
{Heap after GC invocations=90 (full 0):
 garbage-first heap   total 140288K, used 73488K [0x0000000080000000, 0x0000000100000000)
  region size 1024K, 4 young (4096K), 4 survivors (4096K)
 Metaspace       used 82651K, capacity 84474K, committed 84604K, reserved 1122304K
  class space    used 10747K, capacity 11407K, committed 11468K, reserved 1048576K
}
Event: 56.989 GC heap before
{Heap before GC invocations=91 (full 0):
 garbage-first heap   total 140288K, used 107280K [0x0000000080000000, 0x0000000100000000)
  region size 1024K, 38 young (38912K), 4 survivors (4096K)
 Metaspace       used 85081K, capacity 87119K, committed 87164K, reserved 1124352K
  class space    used 11161K, capacity 11971K, committed 11980K, reserved 1048576K
}
Event: 57.032 GC heap after
{Heap after GC invocations=92 (full 0):
 garbage-first heap   total 140288K, used 76118K [0x0000000080000000, 0x0000000100000000)
  region size 1024K, 5 young (5120K), 5 survivors (5120K)
 Metaspace       used 85081K, capacity 87119K, committed 87164K, reserved 1124352K
  class space    used 11161K, capacity 11971K, committed 11980K, reserved 1048576K
}
Event: 61.769 GC heap before
{Heap before GC invocations=92 (full 0):
 garbage-first heap   total 140288K, used 109910K [0x0000000080000000, 0x0000000100000000)
  region size 1024K, 39 young (39936K), 5 survivors (5120K)
 Metaspace       used 85384K, capacity 87434K, committed 87804K, reserved 1124352K
  class space    used 11175K, capacity 11985K, committed 12108K, reserved 1048576K
}
Event: 61.798 GC heap after
{Heap after GC invocations=93 (full 0):
 garbage-first heap   total 140288K, used 78746K [0x0000000080000000, 0x0000000100000000)
  region size 1024K, 5 young (5120K), 5 survivors (5120K)
 Metaspace       used 85384K, capacity 87434K, committed 87804K, reserved 1124352K
  class space    used 11175K, capacity 11985K, committed 12108K, reserved 1048576K
}
Event: 66.639 GC heap before
{Heap before GC invocations=94 (full 0):
 garbage-first heap   total 140288K, used 112538K [0x0000000080000000, 0x0000000100000000)
  region size 1024K, 39 young (39936K), 5 survivors (5120K)
 Metaspace       used 87502K, capacity 89607K, committed 89724K, reserved 1126400K
  class space    used 11366K, capacity 12196K, committed 12236K, reserved 1048576K
}
Event: 66.685 GC heap after
{Heap after GC invocations=95 (full 0):
 garbage-first heap   total 140288K, used 82354K [0x0000000080000000, 0x0000000100000000)
  region size 1024K, 5 young (5120K), 5 survivors (5120K)
 Metaspace       used 87502K, capacity 89607K, committed 89724K, reserved 1126400K
  class space    used 11366K, capacity 12196K, committed 12236K, reserved 1048576K
}
Event: 68.057 GC heap before
{Heap before GC invocations=95 (full 0):
 garbage-first heap   total 140288K, used 100786K [0x0000000080000000, 0x0000000100000000)
  region size 1024K, 24 young (24576K), 5 survivors (5120K)
 Metaspace       used 87586K, capacity 89671K, committed 89724K, reserved 1126400K
  class space    used 11366K, capacity 12196K, committed 12236K, reserved 1048576K
}

