# JRE version: OpenJDK Runtime Environment (11.0.12+7) (build 11.0.12+7-b1504.28-7817840)
# Java VM: OpenJDK 64-Bit Server VM (11.0.12+7-b1504.28-7817840, mixed mode, tiered, compressed oops, g1 gc, windows-amd64)
Heap:
 garbage-first heap   total 282624K, used 105313K [0x0000000080000000, 0x0000000100000000)
  region size 1024K, 4 young (4096K), 4 survivors (4096K)
 Metaspace       used 91055K, capacity 93197K, committed 93440K, reserved 1130496K
  class space    used 11737K, capacity 12525K, committed 12544K, reserved 1048576K
GC Heap History (20 events):
Event: 12.609 GC heap after
{Heap after GC invocations=26 (full 0):
 garbage-first heap   total 115712K, used 59526K [0x0000000080000000, 0x0000000100000000)
  region size 1024K, 4 young (4096K), 4 survivors (4096K)
 Metaspace       used 65266K, capacity 66798K, committed 67072K, reserved 1107968K
  class space    used 8286K, capacity 8858K, committed 8960K, reserved 1048576K
}
Event: 13.225 GC heap before
{Heap before GC invocations=26 (full 0):
 garbage-first heap   total 115712K, used 92294K [0x0000000080000000, 0x0000000100000000)
  region size 1024K, 36 young (36864K), 4 survivors (4096K)
 Metaspace       used 67897K, capacity 69410K, committed 69632K, reserved 1110016K
  class space    used 8640K, capacity 9211K, committed 9216K, reserved 1048576K
}
Event: 13.237 GC heap after
{Heap after GC invocations=27 (full 0):
 garbage-first heap   total 115712K, used 60736K [0x0000000080000000, 0x0000000100000000)
  region size 1024K, 3 young (3072K), 3 survivors (3072K)
 Metaspace       used 67897K, capacity 69410K, committed 69632K, reserved 1110016K
  class space    used 8640K, capacity 9211K, committed 9216K, reserved 1048576K
}
Event: 13.558 GC heap before
{Heap before GC invocations=28 (full 0):
 garbage-first heap   total 115712K, used 93504K [0x0000000080000000, 0x0000000100000000)
  region size 1024K, 35 young (35840K), 3 survivors (3072K)
 Metaspace       used 68562K, capacity 70067K, committed 70272K, reserved 1110016K
  class space    used 8703K, capacity 9282K, committed 9344K, reserved 1048576K
}
Event: 13.567 GC heap after
{Heap after GC invocations=29 (full 0):
 garbage-first heap   total 139264K, used 63042K [0x0000000080000000, 0x0000000100000000)
  region size 1024K, 5 young (5120K), 5 survivors (5120K)
 Metaspace       used 68562K, capacity 70067K, committed 70272K, reserved 1110016K
  class space    used 8703K, capacity 9282K, committed 9344K, reserved 1048576K
}
Event: 14.434 GC heap before
{Heap before GC invocations=29 (full 0):
 garbage-first heap   total 139264K, used 106050K [0x0000000080000000, 0x0000000100000000)
  region size 1024K, 47 young (48128K), 5 survivors (5120K)
 Metaspace       used 73574K, capacity 75074K, committed 75264K, reserved 1114112K
  class space    used 9541K, capacity 10135K, committed 10240K, reserved 1048576K
}
Event: 14.450 GC heap after
{Heap after GC invocations=30 (full 0):
 garbage-first heap   total 139264K, used 65718K [0x0000000080000000, 0x0000000100000000)
  region size 1024K, 6 young (6144K), 6 survivors (6144K)
 Metaspace       used 73574K, capacity 75074K, committed 75264K, reserved 1114112K
  class space    used 9541K, capacity 10135K, committed 10240K, reserved 1048576K
}
Event: 15.126 GC heap before
{Heap before GC invocations=30 (full 0):
 garbage-first heap   total 139264K, used 108726K [0x0000000080000000, 0x0000000100000000)
  region size 1024K, 48 young (49152K), 6 survivors (6144K)
 Metaspace       used 77458K, capacity 79204K, committed 79488K, reserved 1118208K
  class space    used 10092K, capacity 10772K, committed 10880K, reserved 1048576K
}
Event: 15.151 GC heap after
{Heap after GC invocations=31 (full 0):
 garbage-first heap   total 139264K, used 68038K [0x0000000080000000, 0x0000000100000000)
  region size 1024K, 5 young (5120K), 5 survivors (5120K)
 Metaspace       used 77458K, capacity 79204K, committed 79488K, reserved 1118208K
  class space    used 10092K, capacity 10772K, committed 10880K, reserved 1048576K
}
Event: 16.486 GC heap before
{Heap before GC invocations=31 (full 0):
 garbage-first heap   total 139264K, used 111046K [0x0000000080000000, 0x0000000100000000)
  region size 1024K, 47 young (48128K), 5 survivors (5120K)
 Metaspace       used 81993K, capacity 83706K, committed 83840K, reserved 1122304K
  class space    used 10694K, capacity 11337K, committed 11392K, reserved 1048576K
}
Event: 16.534 GC heap after
{Heap after GC invocations=32 (full 0):
 garbage-first heap   total 139264K, used 71410K [0x0000000080000000, 0x0000000100000000)
  region size 1024K, 6 young (6144K), 6 survivors (6144K)
 Metaspace       used 81993K, capacity 83706K, committed 83840K, reserved 1122304K
  class space    used 10694K, capacity 11337K, committed 11392K, reserved 1048576K
}
Event: 18.707 GC heap before
{Heap before GC invocations=33 (full 0):
 garbage-first heap   total 139264K, used 113394K [0x0000000080000000, 0x0000000100000000)
  region size 1024K, 47 young (48128K), 6 survivors (6144K)
 Metaspace       used 85005K, capacity 87034K, committed 87296K, reserved 1124352K
  class space    used 11174K, capacity 11972K, committed 12032K, reserved 1048576K
}
Event: 18.771 GC heap after
{Heap after GC invocations=34 (full 0):
 garbage-first heap   total 179200K, used 74442K [0x0000000080000000, 0x0000000100000000)
  region size 1024K, 6 young (6144K), 6 survivors (6144K)
 Metaspace       used 85005K, capacity 87034K, committed 87296K, reserved 1124352K
  class space    used 11174K, capacity 11972K, committed 12032K, reserved 1048576K
}
Event: 20.490 GC heap before
{Heap before GC invocations=34 (full 0):
 garbage-first heap   total 179200K, used 132810K [0x0000000080000000, 0x0000000100000000)
  region size 1024K, 62 young (63488K), 6 survivors (6144K)
 Metaspace       used 86871K, capacity 88973K, committed 89216K, reserved 1126400K
  class space    used 11329K, capacity 12124K, committed 12160K, reserved 1048576K
}
Event: 20.528 GC heap after
{Heap after GC invocations=35 (full 0):
 garbage-first heap   total 179200K, used 83568K [0x0000000080000000, 0x0000000100000000)
  region size 1024K, 8 young (8192K), 8 survivors (8192K)
 Metaspace       used 86871K, capacity 88973K, committed 89216K, reserved 1126400K
  class space    used 11329K, capacity 12124K, committed 12160K, reserved 1048576K
}
Event: 21.110 GC heap before
{Heap before GC invocations=35 (full 0):
 garbage-first heap   total 179200K, used 118384K [0x0000000080000000, 0x0000000100000000)
  region size 1024K, 40 young (40960K), 8 survivors (8192K)
 Metaspace       used 87795K, capacity 89871K, committed 90112K, reserved 1126400K
  class space    used 11424K, capacity 12253K, committed 12288K, reserved 1048576K
}
Event: 21.217 GC heap after
{Heap after GC invocations=36 (full 0):
 garbage-first heap   total 179200K, used 96818K [0x0000000080000000, 0x0000000100000000)
  region size 1024K, 8 young (8192K), 8 survivors (8192K)
 Metaspace       used 87795K, capacity 89871K, committed 90112K, reserved 1126400K
  class space    used 11424K, capacity 12253K, committed 12288K, reserved 1048576K
}
Event: 22.180 GC heap before
{Heap before GC invocations=37 (full 0):
 garbage-first heap   total 179200K, used 154162K [0x0000000080000000, 0x0000000100000000)
  region size 1024K, 44 young (45056K), 8 survivors (8192K)
 Metaspace       used 88326K, capacity 90425K, committed 90752K, reserved 1128448K
  class space    used 11474K, capacity 12299K, committed 12416K, reserved 1048576K
}
Event: 22.209 GC heap after
{Heap after GC invocations=38 (full 0):
 garbage-first heap   total 179200K, used 101627K [0x0000000080000000, 0x0000000100000000)
  region size 1024K, 4 young (4096K), 4 survivors (4096K)
 Metaspace       used 88326K, capacity 90425K, committed 90752K, reserved 1128448K
  class space    used 11474K, capacity 12299K, committed 12416K, reserved 1048576K
}
Event: 23.064 GC heap before
{Heap before GC invocations=38 (full 0):
 garbage-first heap   total 179200K, used 136443K [0x0000000080000000, 0x0000000100000000)
  region size 1024K, 39 young (39936K), 4 survivors (4096K)
 Metaspace       used 91055K, capacity 93197K, committed 93440K, reserved 1130496K
  class space    used 11737K, capacity 12525K, committed 12544K, reserved 1048576K
}

